<?xml version="1.0" encoding="UTF-8"?>
<testsuite xmlns:xsi="http://www.w3.org/2001/XMLSchema-instance" xsi:noNamespaceSchemaLocation="https://maven.apache.org/surefire/maven-surefire-plugin/xsd/surefire-test-report.xsd" name="com.pokearena.pokebattle.PokebattleApplicationTests" time="6.89" tests="1" errors="0" skipped="0" failures="0">
  <properties>
    <property name="gopherProxySet" value="false"/>
    <property name="awt.toolkit" value="sun.lwawt.macosx.LWCToolkit"/>
    <property name="file.encoding.pkg" value="sun.io"/>
    <property name="java.specification.version" value="1.8"/>
    <property name="sun.cpu.isalist" value=""/>
    <property name="sun.jnu.encoding" value="UTF-8"/>
    <property name="java.class.path" value="/Users/kishoreselvaraju/Downloads/pokebattle/target/test-classes:/Users/kishoreselvaraju/Downloads/pokebattle/target/classes:/Users/kishoreselvaraju/.m2/repository/org/springframework/boot/spring-boot-starter-web/2.7.5/spring-boot-starter-web-2.7.5.jar:/Users/kishoreselvaraju/.m2/repository/org/springframework/boot/spring-boot-starter/2.7.5/spring-boot-starter-2.7.5.jar:/Users/kishoreselvaraju/.m2/repository/org/springframework/boot/spring-boot-starter-logging/2.7.5/spring-boot-starter-logging-2.7.5.jar:/Users/kishoreselvaraju/.m2/repository/ch/qos/logback/logback-classic/1.2.11/logback-classic-1.2.11.jar:/Users/kishoreselvaraju/.m2/repository/ch/qos/logback/logback-core/1.2.11/logback-core-1.2.11.jar:/Users/kishoreselvaraju/.m2/repository/org/apache/logging/log4j/log4j-to-slf4j/2.17.2/log4j-to-slf4j-2.17.2.jar:/Users/kishoreselvaraju/.m2/repository/org/apache/logging/log4j/log4j-api/2.17.2/log4j-api-2.17.2.jar:/Users/kishoreselvaraju/.m2/repository/org/slf4j/jul-to-slf4j/1.7.36/jul-to-slf4j-1.7.36.jar:/Users/kishoreselvaraju/.m2/repository/jakarta/annotation/jakarta.annotation-api/1.3.5/jakarta.annotation-api-1.3.5.jar:/Users/kishoreselvaraju/.m2/repository/org/yaml/snakeyaml/1.30/snakeyaml-1.30.jar:/Users/kishoreselvaraju/.m2/repository/org/springframework/boot/spring-boot-starter-json/2.7.5/spring-boot-starter-json-2.7.5.jar:/Users/kishoreselvaraju/.m2/repository/com/fasterxml/jackson/core/jackson-databind/2.13.4.2/jackson-databind-2.13.4.2.jar:/Users/kishoreselvaraju/.m2/repository/com/fasterxml/jackson/core/jackson-annotations/2.13.4/jackson-annotations-2.13.4.jar:/Users/kishoreselvaraju/.m2/repository/com/fasterxml/jackson/core/jackson-core/2.13.4/jackson-core-2.13.4.jar:/Users/kishoreselvaraju/.m2/repository/com/fasterxml/jackson/datatype/jackson-datatype-jdk8/2.13.4/jackson-datatype-jdk8-2.13.4.jar:/Users/kishoreselvaraju/.m2/repository/com/fasterxml/jackson/datatype/jackson-datatype-jsr310/2.13.4/jackson-datatype-jsr310-2.13.4.jar:/Users/kishoreselvaraju/.m2/repository/com/fasterxml/jackson/module/jackson-module-parameter-names/2.13.4/jackson-module-parameter-names-2.13.4.jar:/Users/kishoreselvaraju/.m2/repository/org/springframework/boot/spring-boot-starter-tomcat/2.7.5/spring-boot-starter-tomcat-2.7.5.jar:/Users/kishoreselvaraju/.m2/repository/org/apache/tomcat/embed/tomcat-embed-core/9.0.68/tomcat-embed-core-9.0.68.jar:/Users/kishoreselvaraju/.m2/repository/org/apache/tomcat/embed/tomcat-embed-el/9.0.68/tomcat-embed-el-9.0.68.jar:/Users/kishoreselvaraju/.m2/repository/org/apache/tomcat/embed/tomcat-embed-websocket/9.0.68/tomcat-embed-websocket-9.0.68.jar:/Users/kishoreselvaraju/.m2/repository/org/springframework/spring-web/5.3.23/spring-web-5.3.23.jar:/Users/kishoreselvaraju/.m2/repository/org/springframework/spring-beans/5.3.23/spring-beans-5.3.23.jar:/Users/kishoreselvaraju/.m2/repository/org/springframework/spring-webmvc/5.3.23/spring-webmvc-5.3.23.jar:/Users/kishoreselvaraju/.m2/repository/org/springframework/spring-aop/5.3.23/spring-aop-5.3.23.jar:/Users/kishoreselvaraju/.m2/repository/org/springframework/spring-context/5.3.23/spring-context-5.3.23.jar:/Users/kishoreselvaraju/.m2/repository/org/springframework/spring-expression/5.3.23/spring-expression-5.3.23.jar:/Users/kishoreselvaraju/.m2/repository/org/springframework/boot/spring-boot-starter-webflux/2.7.5/spring-boot-starter-webflux-2.7.5.jar:/Users/kishoreselvaraju/.m2/repository/org/springframework/boot/spring-boot-starter-reactor-netty/2.7.5/spring-boot-starter-reactor-netty-2.7.5.jar:/Users/kishoreselvaraju/.m2/repository/io/projectreactor/netty/reactor-netty-http/1.0.24/reactor-netty-http-1.0.24.jar:/Users/kishoreselvaraju/.m2/repository/io/netty/netty-codec-http/4.1.84.Final/netty-codec-http-4.1.84.Final.jar:/Users/kishoreselvaraju/.m2/repository/io/netty/netty-common/4.1.84.Final/netty-common-4.1.84.Final.jar:/Users/kishoreselvaraju/.m2/repository/io/netty/netty-buffer/4.1.84.Final/netty-buffer-4.1.84.Final.jar:/Users/kishoreselvaraju/.m2/repository/io/netty/netty-transport/4.1.84.Final/netty-transport-4.1.84.Final.jar:/Users/kishoreselvaraju/.m2/repository/io/netty/netty-codec/4.1.84.Final/netty-codec-4.1.84.Final.jar:/Users/kishoreselvaraju/.m2/repository/io/netty/netty-handler/4.1.84.Final/netty-handler-4.1.84.Final.jar:/Users/kishoreselvaraju/.m2/repository/io/netty/netty-codec-http2/4.1.84.Final/netty-codec-http2-4.1.84.Final.jar:/Users/kishoreselvaraju/.m2/repository/io/netty/netty-resolver-dns/4.1.84.Final/netty-resolver-dns-4.1.84.Final.jar:/Users/kishoreselvaraju/.m2/repository/io/netty/netty-resolver/4.1.84.Final/netty-resolver-4.1.84.Final.jar:/Users/kishoreselvaraju/.m2/repository/io/netty/netty-codec-dns/4.1.84.Final/netty-codec-dns-4.1.84.Final.jar:/Users/kishoreselvaraju/.m2/repository/io/netty/netty-resolver-dns-native-macos/4.1.84.Final/netty-resolver-dns-native-macos-4.1.84.Final-osx-x86_64.jar:/Users/kishoreselvaraju/.m2/repository/io/netty/netty-resolver-dns-classes-macos/4.1.84.Final/netty-resolver-dns-classes-macos-4.1.84.Final.jar:/Users/kishoreselvaraju/.m2/repository/io/netty/netty-transport-native-epoll/4.1.84.Final/netty-transport-native-epoll-4.1.84.Final-linux-x86_64.jar:/Users/kishoreselvaraju/.m2/repository/io/netty/netty-transport-native-unix-common/4.1.84.Final/netty-transport-native-unix-common-4.1.84.Final.jar:/Users/kishoreselvaraju/.m2/repository/io/netty/netty-transport-classes-epoll/4.1.84.Final/netty-transport-classes-epoll-4.1.84.Final.jar:/Users/kishoreselvaraju/.m2/repository/io/projectreactor/netty/reactor-netty-core/1.0.24/reactor-netty-core-1.0.24.jar:/Users/kishoreselvaraju/.m2/repository/io/netty/netty-handler-proxy/4.1.84.Final/netty-handler-proxy-4.1.84.Final.jar:/Users/kishoreselvaraju/.m2/repository/io/netty/netty-codec-socks/4.1.84.Final/netty-codec-socks-4.1.84.Final.jar:/Users/kishoreselvaraju/.m2/repository/org/springframework/spring-webflux/5.3.23/spring-webflux-5.3.23.jar:/Users/kishoreselvaraju/.m2/repository/org/springframework/boot/spring-boot-devtools/2.7.5/spring-boot-devtools-2.7.5.jar:/Users/kishoreselvaraju/.m2/repository/org/springframework/boot/spring-boot/2.7.5/spring-boot-2.7.5.jar:/Users/kishoreselvaraju/.m2/repository/org/springframework/boot/spring-boot-autoconfigure/2.7.5/spring-boot-autoconfigure-2.7.5.jar:/Users/kishoreselvaraju/.m2/repository/org/projectlombok/lombok/1.18.24/lombok-1.18.24.jar:/Users/kishoreselvaraju/.m2/repository/org/springframework/boot/spring-boot-starter-test/2.7.5/spring-boot-starter-test-2.7.5.jar:/Users/kishoreselvaraju/.m2/repository/org/springframework/boot/spring-boot-test/2.7.5/spring-boot-test-2.7.5.jar:/Users/kishoreselvaraju/.m2/repository/org/springframework/boot/spring-boot-test-autoconfigure/2.7.5/spring-boot-test-autoconfigure-2.7.5.jar:/Users/kishoreselvaraju/.m2/repository/com/jayway/jsonpath/json-path/2.7.0/json-path-2.7.0.jar:/Users/kishoreselvaraju/.m2/repository/net/minidev/json-smart/2.4.8/json-smart-2.4.8.jar:/Users/kishoreselvaraju/.m2/repository/net/minidev/accessors-smart/2.4.8/accessors-smart-2.4.8.jar:/Users/kishoreselvaraju/.m2/repository/org/ow2/asm/asm/9.1/asm-9.1.jar:/Users/kishoreselvaraju/.m2/repository/org/slf4j/slf4j-api/1.7.36/slf4j-api-1.7.36.jar:/Users/kishoreselvaraju/.m2/repository/jakarta/xml/bind/jakarta.xml.bind-api/2.3.3/jakarta.xml.bind-api-2.3.3.jar:/Users/kishoreselvaraju/.m2/repository/jakarta/activation/jakarta.activation-api/1.2.2/jakarta.activation-api-1.2.2.jar:/Users/kishoreselvaraju/.m2/repository/org/assertj/assertj-core/3.22.0/assertj-core-3.22.0.jar:/Users/kishoreselvaraju/.m2/repository/org/hamcrest/hamcrest/2.2/hamcrest-2.2.jar:/Users/kishoreselvaraju/.m2/repository/org/junit/jupiter/junit-jupiter/5.8.2/junit-jupiter-5.8.2.jar:/Users/kishoreselvaraju/.m2/repository/org/junit/jupiter/junit-jupiter-api/5.8.2/junit-jupiter-api-5.8.2.jar:/Users/kishoreselvaraju/.m2/repository/org/opentest4j/opentest4j/1.2.0/opentest4j-1.2.0.jar:/Users/kishoreselvaraju/.m2/repository/org/junit/platform/junit-platform-commons/1.8.2/junit-platform-commons-1.8.2.jar:/Users/kishoreselvaraju/.m2/repository/org/apiguardian/apiguardian-api/1.1.2/apiguardian-api-1.1.2.jar:/Users/kishoreselvaraju/.m2/repository/org/junit/jupiter/junit-jupiter-params/5.8.2/junit-jupiter-params-5.8.2.jar:/Users/kishoreselvaraju/.m2/repository/org/junit/jupiter/junit-jupiter-engine/5.8.2/junit-jupiter-engine-5.8.2.jar:/Users/kishoreselvaraju/.m2/repository/org/junit/platform/junit-platform-engine/1.8.2/junit-platform-engine-1.8.2.jar:/Users/kishoreselvaraju/.m2/repository/org/mockito/mockito-core/4.5.1/mockito-core-4.5.1.jar:/Users/kishoreselvaraju/.m2/repository/net/bytebuddy/byte-buddy/1.12.18/byte-buddy-1.12.18.jar:/Users/kishoreselvaraju/.m2/repository/net/bytebuddy/byte-buddy-agent/1.12.18/byte-buddy-agent-1.12.18.jar:/Users/kishoreselvaraju/.m2/repository/org/objenesis/objenesis/3.2/objenesis-3.2.jar:/Users/kishoreselvaraju/.m2/repository/org/mockito/mockito-junit-jupiter/4.5.1/mockito-junit-jupiter-4.5.1.jar:/Users/kishoreselvaraju/.m2/repository/org/skyscreamer/jsonassert/1.5.1/jsonassert-1.5.1.jar:/Users/kishoreselvaraju/.m2/repository/com/vaadin/external/google/android-json/0.0.20131108.vaadin1/android-json-0.0.20131108.vaadin1.jar:/Users/kishoreselvaraju/.m2/repository/org/springframework/spring-core/5.3.23/spring-core-5.3.23.jar:/Users/kishoreselvaraju/.m2/repository/org/springframework/spring-jcl/5.3.23/spring-jcl-5.3.23.jar:/Users/kishoreselvaraju/.m2/repository/org/springframework/spring-test/5.3.23/spring-test-5.3.23.jar:/Users/kishoreselvaraju/.m2/repository/org/xmlunit/xmlunit-core/2.9.0/xmlunit-core-2.9.0.jar:/Users/kishoreselvaraju/.m2/repository/io/projectreactor/reactor-test/3.4.24/reactor-test-3.4.24.jar:/Users/kishoreselvaraju/.m2/repository/io/projectreactor/reactor-core/3.4.24/reactor-core-3.4.24.jar:/Users/kishoreselvaraju/.m2/repository/org/reactivestreams/reactive-streams/1.0.4/reactive-streams-1.0.4.jar:"/>
    <property name="java.vm.vendor" value="Amazon.com Inc."/>
    <property name="sun.arch.data.model" value="64"/>
    <property name="java.vendor.url" value="https://aws.amazon.com/corretto/"/>
    <property name="user.timezone" value=""/>
    <property name="java.vm.specification.version" value="1.8"/>
    <property name="os.name" value="Mac OS X"/>
    <property name="user.country" value="CA"/>
    <property name="sun.java.launcher" value="SUN_STANDARD"/>
    <property name="sun.boot.library.path" value="/Users/kishoreselvaraju/Library/Java/JavaVirtualMachines/corretto-1.8.0_332/Contents/Home/jre/lib"/>
    <property name="sun.java.command" value="/Users/kishoreselvaraju/Downloads/pokebattle/target/surefire/surefirebooter7498490212931747735.jar /Users/kishoreselvaraju/Downloads/pokebattle/target/surefire 2022-11-11T20-49-10_519-jvmRun1 surefire5821748051699679273tmp surefire_01398182238717510002tmp"/>
    <property name="http.nonProxyHosts" value="local|*.local|169.254/16|*.169.254/16"/>
    <property name="surefire.test.class.path" value="/Users/kishoreselvaraju/Downloads/pokebattle/target/test-classes:/Users/kishoreselvaraju/Downloads/pokebattle/target/classes:/Users/kishoreselvaraju/.m2/repository/org/springframework/boot/spring-boot-starter-web/2.7.5/spring-boot-starter-web-2.7.5.jar:/Users/kishoreselvaraju/.m2/repository/org/springframework/boot/spring-boot-starter/2.7.5/spring-boot-starter-2.7.5.jar:/Users/kishoreselvaraju/.m2/repository/org/springframework/boot/spring-boot-starter-logging/2.7.5/spring-boot-starter-logging-2.7.5.jar:/Users/kishoreselvaraju/.m2/repository/ch/qos/logback/logback-classic/1.2.11/logback-classic-1.2.11.jar:/Users/kishoreselvaraju/.m2/repository/ch/qos/logback/logback-core/1.2.11/logback-core-1.2.11.jar:/Users/kishoreselvaraju/.m2/repository/org/apache/logging/log4j/log4j-to-slf4j/2.17.2/log4j-to-slf4j-2.17.2.jar:/Users/kishoreselvaraju/.m2/repository/org/apache/logging/log4j/log4j-api/2.17.2/log4j-api-2.17.2.jar:/Users/kishoreselvaraju/.m2/repository/org/slf4j/jul-to-slf4j/1.7.36/jul-to-slf4j-1.7.36.jar:/Users/kishoreselvaraju/.m2/repository/jakarta/annotation/jakarta.annotation-api/1.3.5/jakarta.annotation-api-1.3.5.jar:/Users/kishoreselvaraju/.m2/repository/org/yaml/snakeyaml/1.30/snakeyaml-1.30.jar:/Users/kishoreselvaraju/.m2/repository/org/springframework/boot/spring-boot-starter-json/2.7.5/spring-boot-starter-json-2.7.5.jar:/Users/kishoreselvaraju/.m2/repository/com/fasterxml/jackson/core/jackson-databind/2.13.4.2/jackson-databind-2.13.4.2.jar:/Users/kishoreselvaraju/.m2/repository/com/fasterxml/jackson/core/jackson-annotations/2.13.4/jackson-annotations-2.13.4.jar:/Users/kishoreselvaraju/.m2/repository/com/fasterxml/jackson/core/jackson-core/2.13.4/jackson-core-2.13.4.jar:/Users/kishoreselvaraju/.m2/repository/com/fasterxml/jackson/datatype/jackson-datatype-jdk8/2.13.4/jackson-datatype-jdk8-2.13.4.jar:/Users/kishoreselvaraju/.m2/repository/com/fasterxml/jackson/datatype/jackson-datatype-jsr310/2.13.4/jackson-datatype-jsr310-2.13.4.jar:/Users/kishoreselvaraju/.m2/repository/com/fasterxml/jackson/module/jackson-module-parameter-names/2.13.4/jackson-module-parameter-names-2.13.4.jar:/Users/kishoreselvaraju/.m2/repository/org/springframework/boot/spring-boot-starter-tomcat/2.7.5/spring-boot-starter-tomcat-2.7.5.jar:/Users/kishoreselvaraju/.m2/repository/org/apache/tomcat/embed/tomcat-embed-core/9.0.68/tomcat-embed-core-9.0.68.jar:/Users/kishoreselvaraju/.m2/repository/org/apache/tomcat/embed/tomcat-embed-el/9.0.68/tomcat-embed-el-9.0.68.jar:/Users/kishoreselvaraju/.m2/repository/org/apache/tomcat/embed/tomcat-embed-websocket/9.0.68/tomcat-embed-websocket-9.0.68.jar:/Users/kishoreselvaraju/.m2/repository/org/springframework/spring-web/5.3.23/spring-web-5.3.23.jar:/Users/kishoreselvaraju/.m2/repository/org/springframework/spring-beans/5.3.23/spring-beans-5.3.23.jar:/Users/kishoreselvaraju/.m2/repository/org/springframework/spring-webmvc/5.3.23/spring-webmvc-5.3.23.jar:/Users/kishoreselvaraju/.m2/repository/org/springframework/spring-aop/5.3.23/spring-aop-5.3.23.jar:/Users/kishoreselvaraju/.m2/repository/org/springframework/spring-context/5.3.23/spring-context-5.3.23.jar:/Users/kishoreselvaraju/.m2/repository/org/springframework/spring-expression/5.3.23/spring-expression-5.3.23.jar:/Users/kishoreselvaraju/.m2/repository/org/springframework/boot/spring-boot-starter-webflux/2.7.5/spring-boot-starter-webflux-2.7.5.jar:/Users/kishoreselvaraju/.m2/repository/org/springframework/boot/spring-boot-starter-reactor-netty/2.7.5/spring-boot-starter-reactor-netty-2.7.5.jar:/Users/kishoreselvaraju/.m2/repository/io/projectreactor/netty/reactor-netty-http/1.0.24/reactor-netty-http-1.0.24.jar:/Users/kishoreselvaraju/.m2/repository/io/netty/netty-codec-http/4.1.84.Final/netty-codec-http-4.1.84.Final.jar:/Users/kishoreselvaraju/.m2/repository/io/netty/netty-common/4.1.84.Final/netty-common-4.1.84.Final.jar:/Users/kishoreselvaraju/.m2/repository/io/netty/netty-buffer/4.1.84.Final/netty-buffer-4.1.84.Final.jar:/Users/kishoreselvaraju/.m2/repository/io/netty/netty-transport/4.1.84.Final/netty-transport-4.1.84.Final.jar:/Users/kishoreselvaraju/.m2/repository/io/netty/netty-codec/4.1.84.Final/netty-codec-4.1.84.Final.jar:/Users/kishoreselvaraju/.m2/repository/io/netty/netty-handler/4.1.84.Final/netty-handler-4.1.84.Final.jar:/Users/kishoreselvaraju/.m2/repository/io/netty/netty-codec-http2/4.1.84.Final/netty-codec-http2-4.1.84.Final.jar:/Users/kishoreselvaraju/.m2/repository/io/netty/netty-resolver-dns/4.1.84.Final/netty-resolver-dns-4.1.84.Final.jar:/Users/kishoreselvaraju/.m2/repository/io/netty/netty-resolver/4.1.84.Final/netty-resolver-4.1.84.Final.jar:/Users/kishoreselvaraju/.m2/repository/io/netty/netty-codec-dns/4.1.84.Final/netty-codec-dns-4.1.84.Final.jar:/Users/kishoreselvaraju/.m2/repository/io/netty/netty-resolver-dns-native-macos/4.1.84.Final/netty-resolver-dns-native-macos-4.1.84.Final-osx-x86_64.jar:/Users/kishoreselvaraju/.m2/repository/io/netty/netty-resolver-dns-classes-macos/4.1.84.Final/netty-resolver-dns-classes-macos-4.1.84.Final.jar:/Users/kishoreselvaraju/.m2/repository/io/netty/netty-transport-native-epoll/4.1.84.Final/netty-transport-native-epoll-4.1.84.Final-linux-x86_64.jar:/Users/kishoreselvaraju/.m2/repository/io/netty/netty-transport-native-unix-common/4.1.84.Final/netty-transport-native-unix-common-4.1.84.Final.jar:/Users/kishoreselvaraju/.m2/repository/io/netty/netty-transport-classes-epoll/4.1.84.Final/netty-transport-classes-epoll-4.1.84.Final.jar:/Users/kishoreselvaraju/.m2/repository/io/projectreactor/netty/reactor-netty-core/1.0.24/reactor-netty-core-1.0.24.jar:/Users/kishoreselvaraju/.m2/repository/io/netty/netty-handler-proxy/4.1.84.Final/netty-handler-proxy-4.1.84.Final.jar:/Users/kishoreselvaraju/.m2/repository/io/netty/netty-codec-socks/4.1.84.Final/netty-codec-socks-4.1.84.Final.jar:/Users/kishoreselvaraju/.m2/repository/org/springframework/spring-webflux/5.3.23/spring-webflux-5.3.23.jar:/Users/kishoreselvaraju/.m2/repository/org/springframework/boot/spring-boot-devtools/2.7.5/spring-boot-devtools-2.7.5.jar:/Users/kishoreselvaraju/.m2/repository/org/springframework/boot/spring-boot/2.7.5/spring-boot-2.7.5.jar:/Users/kishoreselvaraju/.m2/repository/org/springframework/boot/spring-boot-autoconfigure/2.7.5/spring-boot-autoconfigure-2.7.5.jar:/Users/kishoreselvaraju/.m2/repository/org/projectlombok/lombok/1.18.24/lombok-1.18.24.jar:/Users/kishoreselvaraju/.m2/repository/org/springframework/boot/spring-boot-starter-test/2.7.5/spring-boot-starter-test-2.7.5.jar:/Users/kishoreselvaraju/.m2/repository/org/springframework/boot/spring-boot-test/2.7.5/spring-boot-test-2.7.5.jar:/Users/kishoreselvaraju/.m2/repository/org/springframework/boot/spring-boot-test-autoconfigure/2.7.5/spring-boot-test-autoconfigure-2.7.5.jar:/Users/kishoreselvaraju/.m2/repository/com/jayway/jsonpath/json-path/2.7.0/json-path-2.7.0.jar:/Users/kishoreselvaraju/.m2/repository/net/minidev/json-smart/2.4.8/json-smart-2.4.8.jar:/Users/kishoreselvaraju/.m2/repository/net/minidev/accessors-smart/2.4.8/accessors-smart-2.4.8.jar:/Users/kishoreselvaraju/.m2/repository/org/ow2/asm/asm/9.1/asm-9.1.jar:/Users/kishoreselvaraju/.m2/repository/org/slf4j/slf4j-api/1.7.36/slf4j-api-1.7.36.jar:/Users/kishoreselvaraju/.m2/repository/jakarta/xml/bind/jakarta.xml.bind-api/2.3.3/jakarta.xml.bind-api-2.3.3.jar:/Users/kishoreselvaraju/.m2/repository/jakarta/activation/jakarta.activation-api/1.2.2/jakarta.activation-api-1.2.2.jar:/Users/kishoreselvaraju/.m2/repository/org/assertj/assertj-core/3.22.0/assertj-core-3.22.0.jar:/Users/kishoreselvaraju/.m2/repository/org/hamcrest/hamcrest/2.2/hamcrest-2.2.jar:/Users/kishoreselvaraju/.m2/repository/org/junit/jupiter/junit-jupiter/5.8.2/junit-jupiter-5.8.2.jar:/Users/kishoreselvaraju/.m2/repository/org/junit/jupiter/junit-jupiter-api/5.8.2/junit-jupiter-api-5.8.2.jar:/Users/kishoreselvaraju/.m2/repository/org/opentest4j/opentest4j/1.2.0/opentest4j-1.2.0.jar:/Users/kishoreselvaraju/.m2/repository/org/junit/platform/junit-platform-commons/1.8.2/junit-platform-commons-1.8.2.jar:/Users/kishoreselvaraju/.m2/repository/org/apiguardian/apiguardian-api/1.1.2/apiguardian-api-1.1.2.jar:/Users/kishoreselvaraju/.m2/repository/org/junit/jupiter/junit-jupiter-params/5.8.2/junit-jupiter-params-5.8.2.jar:/Users/kishoreselvaraju/.m2/repository/org/junit/jupiter/junit-jupiter-engine/5.8.2/junit-jupiter-engine-5.8.2.jar:/Users/kishoreselvaraju/.m2/repository/org/junit/platform/junit-platform-engine/1.8.2/junit-platform-engine-1.8.2.jar:/Users/kishoreselvaraju/.m2/repository/org/mockito/mockito-core/4.5.1/mockito-core-4.5.1.jar:/Users/kishoreselvaraju/.m2/repository/net/bytebuddy/byte-buddy/1.12.18/byte-buddy-1.12.18.jar:/Users/kishoreselvaraju/.m2/repository/net/bytebuddy/byte-buddy-agent/1.12.18/byte-buddy-agent-1.12.18.jar:/Users/kishoreselvaraju/.m2/repository/org/objenesis/objenesis/3.2/objenesis-3.2.jar:/Users/kishoreselvaraju/.m2/repository/org/mockito/mockito-junit-jupiter/4.5.1/mockito-junit-jupiter-4.5.1.jar:/Users/kishoreselvaraju/.m2/repository/org/skyscreamer/jsonassert/1.5.1/jsonassert-1.5.1.jar:/Users/kishoreselvaraju/.m2/repository/com/vaadin/external/google/android-json/0.0.20131108.vaadin1/android-json-0.0.20131108.vaadin1.jar:/Users/kishoreselvaraju/.m2/repository/org/springframework/spring-core/5.3.23/spring-core-5.3.23.jar:/Users/kishoreselvaraju/.m2/repository/org/springframework/spring-jcl/5.3.23/spring-jcl-5.3.23.jar:/Users/kishoreselvaraju/.m2/repository/org/springframework/spring-test/5.3.23/spring-test-5.3.23.jar:/Users/kishoreselvaraju/.m2/repository/org/xmlunit/xmlunit-core/2.9.0/xmlunit-core-2.9.0.jar:/Users/kishoreselvaraju/.m2/repository/io/projectreactor/reactor-test/3.4.24/reactor-test-3.4.24.jar:/Users/kishoreselvaraju/.m2/repository/io/projectreactor/reactor-core/3.4.24/reactor-core-3.4.24.jar:/Users/kishoreselvaraju/.m2/repository/org/reactivestreams/reactive-streams/1.0.4/reactive-streams-1.0.4.jar:"/>
    <property name="sun.cpu.endian" value="little"/>
    <property name="user.home" value="/Users/kishoreselvaraju"/>
    <property name="user.language" value="en"/>
    <property name="java.specification.vendor" value="Oracle Corporation"/>
    <property name="java.home" value="/Users/kishoreselvaraju/Library/Java/JavaVirtualMachines/corretto-1.8.0_332/Contents/Home/jre"/>
    <property name="basedir" value="/Users/kishoreselvaraju/Downloads/pokebattle"/>
    <property name="file.separator" value="/"/>
    <property name="line.separator" value="&#10;"/>
    <property name="java.vm.specification.vendor" value="Oracle Corporation"/>
    <property name="java.specification.name" value="Java Platform API Specification"/>
    <property name="java.awt.graphicsenv" value="sun.awt.CGraphicsEnvironment"/>
    <property name="surefire.real.class.path" value="/Users/kishoreselvaraju/Downloads/pokebattle/target/surefire/surefirebooter7498490212931747735.jar"/>
    <property name="sun.boot.class.path" value="/Users/kishoreselvaraju/Library/Java/JavaVirtualMachines/corretto-1.8.0_332/Contents/Home/jre/lib/resources.jar:/Users/kishoreselvaraju/Library/Java/JavaVirtualMachines/corretto-1.8.0_332/Contents/Home/jre/lib/rt.jar:/Users/kishoreselvaraju/Library/Java/JavaVirtualMachines/corretto-1.8.0_332/Contents/Home/jre/lib/sunrsasign.jar:/Users/kishoreselvaraju/Library/Java/JavaVirtualMachines/corretto-1.8.0_332/Contents/Home/jre/lib/jsse.jar:/Users/kishoreselvaraju/Library/Java/JavaVirtualMachines/corretto-1.8.0_332/Contents/Home/jre/lib/jce.jar:/Users/kishoreselvaraju/Library/Java/JavaVirtualMachines/corretto-1.8.0_332/Contents/Home/jre/lib/charsets.jar:/Users/kishoreselvaraju/Library/Java/JavaVirtualMachines/corretto-1.8.0_332/Contents/Home/jre/lib/jfr.jar:/Users/kishoreselvaraju/Library/Java/JavaVirtualMachines/corretto-1.8.0_332/Contents/Home/jre/classes"/>
    <property name="sun.management.compiler" value="HotSpot 64-Bit Tiered Compilers"/>
    <property name="ftp.nonProxyHosts" value="local|*.local|169.254/16|*.169.254/16"/>
    <property name="java.runtime.version" value="1.8.0_332-b08"/>
    <property name="user.name" value="kishoreselvaraju"/>
    <property name="path.separator" value=":"/>
    <property name="os.version" value="10.15.7"/>
    <property name="java.endorsed.dirs" value="/Users/kishoreselvaraju/Library/Java/JavaVirtualMachines/corretto-1.8.0_332/Contents/Home/jre/lib/endorsed"/>
    <property name="java.runtime.name" value="OpenJDK Runtime Environment"/>
    <property name="file.encoding" value="UTF-8"/>
    <property name="java.vm.name" value="OpenJDK 64-Bit Server VM"/>
    <property name="localRepository" value="/Users/kishoreselvaraju/.m2/repository"/>
    <property name="java.vendor.url.bug" value="https://github.com/corretto/corretto-8/issues/"/>
    <property name="java.io.tmpdir" value="/var/folders/p6/2jwn57f90vz4tt_mpgl_38_h0000gn/T/"/>
    <property name="java.version" value="1.8.0_332"/>
    <property name="user.dir" value="/Users/kishoreselvaraju/Downloads/pokebattle"/>
    <property name="os.arch" value="x86_64"/>
    <property name="java.vm.specification.name" value="Java Virtual Machine Specification"/>
    <property name="java.awt.printerjob" value="sun.lwawt.macosx.CPrinterJob"/>
    <property name="sun.os.patch.level" value="unknown"/>
    <property name="java.library.path" value="/Users/kishoreselvaraju/Library/Java/Extensions:/Library/Java/Extensions:/Network/Library/Java/Extensions:/System/Library/Java/Extensions:/usr/lib/java:."/>
    <property name="java.vm.info" value="mixed mode"/>
    <property name="java.vendor" value="Amazon.com Inc."/>
    <property name="java.vm.version" value="25.332-b08"/>
    <property name="java.ext.dirs" value="/Users/kishoreselvaraju/Library/Java/Extensions:/Users/kishoreselvaraju/Library/Java/JavaVirtualMachines/corretto-1.8.0_332/Contents/Home/jre/lib/ext:/Library/Java/Extensions:/Network/Library/Java/Extensions:/System/Library/Java/Extensions:/usr/lib/java"/>
    <property name="sun.io.unicode.encoding" value="UnicodeBig"/>
    <property name="java.class.version" value="52.0"/>
    <property name="socksNonProxyHosts" value="local|*.local|169.254/16|*.169.254/16"/>
  </properties>
  <testcase name="contextLoads" classname="com.pokearena.pokebattle.PokebattleApplicationTests" time="0.435"/>
</testsuite>